

running D:\oCloud\Home-Cloud\Lehre\Methodenseminar\S
> tata_Skript\profile.do ...


. set linesize 200

. qui use  "D:/oCloud/Home-Cloud/Lehre/Methodenseminar/Allbus_1980-2018.dta"

. qui keep if year == 2014 & sex ==  1 & hs16 > 0

. set seed 1212

. bootstrap r(mean), reps(2000): summarize hs16
(running summarize on estimation sample)

Warning:  Because summarize is not an estimation command or does not set e(sample), bootstrap has no way to determine which observations are used in calculating the statistics and so assumes that
          all observations are used.  This means that no observations will be excluded from the resampling because of missing values or other reasons.

          If the assumption is not true, press Break, save the data, and drop the observations that are to be excluded.  Be sure that the dataset in memory contains only the relevant data.

Bootstrap replications (2000)
----+--- 1 ---+--- 2 ---+--- 3 ---+--- 4 ---+--- 5 
..................................................    50
..................................................   100
..................................................   150
..................................................   200
..................................................   250
..................................................   300
..................................................   350
..................................................   400
..................................................   450
..................................................   500
..................................................   550
..................................................   600
..................................................   650
..................................................   700
..................................................   750
..................................................   800
..................................................   850
..................................................   900
..................................................   950
..................................................  1000
..................................................  1050
..................................................  1100
..................................................  1150
..................................................  1200
..................................................  1250
..................................................  1300
..................................................  1350
..................................................  1400
..................................................  1450
..................................................  1500
..................................................  1550
..................................................  1600
..................................................  1650
..................................................  1700
..................................................  1750
..................................................  1800
..................................................  1850
..................................................  1900
..................................................  1950
..................................................  2000

Bootstrap results                               Number of obs      =      1758
                                                Replications       =      2000

      command:  summarize hs16
        _bs_1:  r(mean)

------------------------------------------------------------------------------
             |   Observed   Bootstrap                         Normal-based
             |      Coef.   Std. Err.      z    P>|z|     [95% Conf. Interval]
-------------+----------------------------------------------------------------
       _bs_1 |   178.7179   .1731567  1032.12   0.000     178.3785    179.0572
------------------------------------------------------------------------------

. 
end of do-file
