

running D:\oCloud\Home-Cloud\Lehre\Methodenseminar\S
> tata_Skript\profile.do ...


. qui use "D:\oCloud\Home-Cloud\Lehre\Methodensemina
> r\Allbus2018.dta", clear

. lookfor "alter"

              storage   display    value
variable name   type    format     label      variab
> le label
----------------------------------------------------
age             byte    %12.0g     age        ALTER:
                                BEFRAGTE(R)
agec            byte    %12.0g     agec       ALTER:
                                BEFRAGTE(R),
                                KATEGORISIERT
dw12a           byte    %12.0g     dw12a      BEFR.:
                                ALTER BEI AUFGABE
                                DES BERUFS
scage           byte    %12.0g     scage      GEGENW
                                > AERTIGER
                                EHEPARTNER: ALTER
scagec          byte    %12.0g     scagec     GEGENW
                                > AERTIGER
                                EHEPARTNER: ALTER,
                                KAT.
page            byte    %12.0g     page       LEBENS
                                > PARTNER: ALTER
pagec           byte    %12.0g     pagec      LEBENS
                                > PARTNER: ALTER,
                                KAT.
hh2age          byte    %12.0g     hh2age     2.HAUS
                                > H.PERSON: ALTER
hh3age          byte    %12.0g     hh3age     3.HAUS
                                > H.PERSON: ALTER
hh4age          byte    %12.0g     hh4age     4.HAUS
                                > H.PERSON: ALTER
hh5age          byte    %12.0g     hh5age     5.HAUS
                                > H.PERSON: ALTER
hh6age          byte    %12.0g     hh6age     6.HAUS
                                > H.PERSON: ALTER
hh7age          byte    %12.0g     hh7age     7.HAUS
                                > H.PERSON: ALTER
hh8age          byte    %12.0g     hh8age     8.HAUS
                                > H.PERSON: ALTER
kh1age          byte    %12.0g     kh1age     ALTER,
                                1.KIND, AUSSER HAUS
kh2age          byte    %12.0g     kh2age     ALTER,
                                2.KIND, AUSSER HAUS
kh3age          byte    %12.0g     kh3age     ALTER,
                                3.KIND, AUSSER HAUS
kh4age          byte    %12.0g     kh4age     ALTER,
                                4.KIND, AUSSER HAUS
kh5age          byte    %12.0g     kh5age     ALTER,
                                5.KIND, AUSSER HAUS
kh6age          byte    %12.0g     kh6age     ALTER,
                                6.KIND, AUSSER HAUS
kh7age          byte    %12.0g     kh7age     ALTER,
                                7.KIND, AUSSER HAUS
kh8age          byte    %12.0g     kh8age     ALTER,
                                8.KIND, AUSSER HAUS
I004            byte    %12.0g     I004       ZUSTAE
                                > NDIGKEIT: PFLEGE
                                ALTER MENSCHEN
ISSP_D_1        byte    %12.0g     ISSP_D_1   ISSP
                                NICHT SELBST WEIL:
                                ALTER
xi03            byte    %12.0g                ALTER,
                                INTERVIEWER(IN)
xi03c           byte    %12.0g     xi03c      ALTER,
                                INTERVIEWER(IN),
                                KAT.

. 
end of do-file
